<?xml version="1.0" encoding="UTF-8"?>
<!-- Generated by org.testng.reporters.JUnitXMLReporter -->
<testsuite hostname="LAPTOP-LAMCELTB" ignored="1" name="Default test" tests="5" failures="0" timestamp="2023-02-06T12:17:58 IST" time="12.322" errors="0">
  <testcase name="beforeclass" time="0.827" classname="testing2.practiceputmethod"/>
  <testcase name="delete" time="3.228" classname="testing2.practiceputmethod"/>
  <testcase name="get" time="2.543" classname="testing2.practiceputmethod"/>
  <testcase name="post2" time="2.437" classname="testing2.practiceputmethod"/>
  <testcase name="put" time="3.009" classname="testing2.practiceputmethod"/>
  <testcase name="post1" time="0.0" classname="testing2.practiceputmethod">
    <ignored/>
  </testcase> <!-- post1 -->
</testsuite> <!-- Default test -->
