<?xml version="1.0" encoding="UTF-8"?>
<testng-results skipped="0" failed="0" ignored="1" total="6" passed="5">
  <reporter-output>
  </reporter-output>
  <suite name="Default suite" duration-ms="12322" started-at="2023-02-06T12:17:46 IST" finished-at="2023-02-06T12:17:58 IST">
    <groups>
    </groups>
    <test name="Default test" duration-ms="12322" started-at="2023-02-06T12:17:46 IST" finished-at="2023-02-06T12:17:58 IST">
      <class name="testing2.practiceputmethod">
        <test-method status="PASS" signature="beforeclass()[pri:0, instance:testing2.practiceputmethod@1b822fcc]" name="beforeclass" duration-ms="827" started-at="2023-02-06T12:17:46 IST" finished-at="2023-02-06T12:17:47 IST">
          <reporter-output>
          </reporter-output>
        </test-method> <!-- beforeclass -->
        <test-method status="PASS" signature="delete()[pri:0, instance:testing2.practiceputmethod@1b822fcc]" name="delete" duration-ms="3228" started-at="2023-02-06T12:17:47 IST" finished-at="2023-02-06T12:17:50 IST">
          <reporter-output>
          </reporter-output>
        </test-method> <!-- delete -->
        <test-method status="PASS" signature="get()[pri:0, instance:testing2.practiceputmethod@1b822fcc]" name="get" duration-ms="2543" started-at="2023-02-06T12:17:50 IST" finished-at="2023-02-06T12:17:52 IST">
          <reporter-output>
          </reporter-output>
        </test-method> <!-- get -->
        <test-method status="PASS" signature="post2()[pri:0, instance:testing2.practiceputmethod@1b822fcc]" name="post2" duration-ms="2437" started-at="2023-02-06T12:17:52 IST" finished-at="2023-02-06T12:17:55 IST">
          <reporter-output>
          </reporter-output>
        </test-method> <!-- post2 -->
        <test-method status="PASS" signature="put()[pri:0, instance:testing2.practiceputmethod@1b822fcc]" name="put" duration-ms="3009" started-at="2023-02-06T12:17:55 IST" finished-at="2023-02-06T12:17:58 IST">
          <reporter-output>
          </reporter-output>
        </test-method> <!-- put -->
      </class> <!-- testing2.practiceputmethod -->
    </test> <!-- Default test -->
  </suite> <!-- Default suite -->
</testng-results>
